Determining if the pthread_create exist failed with the following output:
Change Dir: /home/mpperret/catkin_ws/build/catkin_tools_prebuild/CMakeFiles/CMakeTmp

Run Build Command:"/usr/bin/make" "cmTC_4e15a/fast"
/usr/bin/make -f CMakeFiles/cmTC_4e15a.dir/build.make CMakeFiles/cmTC_4e15a.dir/build
make[1]: Entering directory '/home/mpperret/catkin_ws/build/catkin_tools_prebuild/CMakeFiles/CMakeTmp'
Building C object CMakeFiles/cmTC_4e15a.dir/CheckSymbolExists.c.o
/usr/bin/cc     -o CMakeFiles/cmTC_4e15a.dir/CheckSymbolExists.c.o   -c /home/mpperret/catkin_ws/build/catkin_tools_prebuild/CMakeFiles/CMakeTmp/CheckSymbolExists.c
Linking C executable cmTC_4e15a
/usr/bin/cmake -E cmake_link_script CMakeFiles/cmTC_4e15a.dir/link.txt --verbose=1
/usr/bin/cc       CMakeFiles/cmTC_4e15a.dir/CheckSymbolExists.c.o  -o cmTC_4e15a -rdynamic 
CMakeFiles/cmTC_4e15a.dir/CheckSymbolExists.c.o: In function `main':
CheckSymbolExists.c:(.text+0x16): undefined reference to `pthread_create'
collect2: error: ld returned 1 exit status
CMakeFiles/cmTC_4e15a.dir/build.make:97: recipe for target 'cmTC_4e15a' failed
make[1]: *** [cmTC_4e15a] Error 1
make[1]: Leaving directory '/home/mpperret/catkin_ws/build/catkin_tools_prebuild/CMakeFiles/CMakeTmp'
Makefile:126: recipe for target 'cmTC_4e15a/fast' failed
make: *** [cmTC_4e15a/fast] Error 2

File /home/mpperret/catkin_ws/build/catkin_tools_prebuild/CMakeFiles/CMakeTmp/CheckSymbolExists.c:
/* */
#include <pthread.h>

int main(int argc, char** argv)
{
  (void)argv;
#ifndef pthread_create
  return ((int*)(&pthread_create))[argc];
#else
  (void)argc;
  return 0;
#endif
}

Determining if the function pthread_create exists in the pthreads failed with the following output:
Change Dir: /home/mpperret/catkin_ws/build/catkin_tools_prebuild/CMakeFiles/CMakeTmp

Run Build Command:"/usr/bin/make" "cmTC_f3e82/fast"
/usr/bin/make -f CMakeFiles/cmTC_f3e82.dir/build.make CMakeFiles/cmTC_f3e82.dir/build
make[1]: Entering directory '/home/mpperret/catkin_ws/build/catkin_tools_prebuild/CMakeFiles/CMakeTmp'
Building C object CMakeFiles/cmTC_f3e82.dir/CheckFunctionExists.c.o
/usr/bin/cc    -DCHECK_FUNCTION_EXISTS=pthread_create   -o CMakeFiles/cmTC_f3e82.dir/CheckFunctionExists.c.o   -c /usr/share/cmake-3.5/Modules/CheckFunctionExists.c
Linking C executable cmTC_f3e82
/usr/bin/cmake -E cmake_link_script CMakeFiles/cmTC_f3e82.dir/link.txt --verbose=1
/usr/bin/cc   -DCHECK_FUNCTION_EXISTS=pthread_create    CMakeFiles/cmTC_f3e82.dir/CheckFunctionExists.c.o  -o cmTC_f3e82 -rdynamic -lpthreads 
/usr/bin/ld: cannot find -lpthreads
collect2: error: ld returned 1 exit status
CMakeFiles/cmTC_f3e82.dir/build.make:97: recipe for target 'cmTC_f3e82' failed
make[1]: *** [cmTC_f3e82] Error 1
make[1]: Leaving directory '/home/mpperret/catkin_ws/build/catkin_tools_prebuild/CMakeFiles/CMakeTmp'
Makefile:126: recipe for target 'cmTC_f3e82/fast' failed
make: *** [cmTC_f3e82/fast] Error 2


