Determining if the pthread_create exist failed with the following output:
Change Dir: /home/mpperret/catkin_ws/build/mavros/CMakeFiles/CMakeTmp

Run Build Command:"/usr/bin/make" "cmTC_92a54/fast"
/usr/bin/make -f CMakeFiles/cmTC_92a54.dir/build.make CMakeFiles/cmTC_92a54.dir/build
make[1]: Entering directory '/home/mpperret/catkin_ws/build/mavros/CMakeFiles/CMakeTmp'
Building C object CMakeFiles/cmTC_92a54.dir/CheckSymbolExists.c.o
/usr/bin/cc     -o CMakeFiles/cmTC_92a54.dir/CheckSymbolExists.c.o   -c /home/mpperret/catkin_ws/build/mavros/CMakeFiles/CMakeTmp/CheckSymbolExists.c
Linking C executable cmTC_92a54
/usr/bin/cmake -E cmake_link_script CMakeFiles/cmTC_92a54.dir/link.txt --verbose=1
/usr/bin/cc       CMakeFiles/cmTC_92a54.dir/CheckSymbolExists.c.o  -o cmTC_92a54 -rdynamic 
CMakeFiles/cmTC_92a54.dir/CheckSymbolExists.c.o: In function `main':
CheckSymbolExists.c:(.text+0x16): undefined reference to `pthread_create'
collect2: error: ld returned 1 exit status
CMakeFiles/cmTC_92a54.dir/build.make:97: recipe for target 'cmTC_92a54' failed
make[1]: *** [cmTC_92a54] Error 1
make[1]: Leaving directory '/home/mpperret/catkin_ws/build/mavros/CMakeFiles/CMakeTmp'
Makefile:126: recipe for target 'cmTC_92a54/fast' failed
make: *** [cmTC_92a54/fast] Error 2

File /home/mpperret/catkin_ws/build/mavros/CMakeFiles/CMakeTmp/CheckSymbolExists.c:
/* */
#include <pthread.h>

int main(int argc, char** argv)
{
  (void)argv;
#ifndef pthread_create
  return ((int*)(&pthread_create))[argc];
#else
  (void)argc;
  return 0;
#endif
}

Determining if the function pthread_create exists in the pthreads failed with the following output:
Change Dir: /home/mpperret/catkin_ws/build/mavros/CMakeFiles/CMakeTmp

Run Build Command:"/usr/bin/make" "cmTC_0253c/fast"
/usr/bin/make -f CMakeFiles/cmTC_0253c.dir/build.make CMakeFiles/cmTC_0253c.dir/build
make[1]: Entering directory '/home/mpperret/catkin_ws/build/mavros/CMakeFiles/CMakeTmp'
Building C object CMakeFiles/cmTC_0253c.dir/CheckFunctionExists.c.o
/usr/bin/cc    -DCHECK_FUNCTION_EXISTS=pthread_create   -o CMakeFiles/cmTC_0253c.dir/CheckFunctionExists.c.o   -c /usr/share/cmake-3.5/Modules/CheckFunctionExists.c
Linking C executable cmTC_0253c
/usr/bin/cmake -E cmake_link_script CMakeFiles/cmTC_0253c.dir/link.txt --verbose=1
/usr/bin/cc   -DCHECK_FUNCTION_EXISTS=pthread_create    CMakeFiles/cmTC_0253c.dir/CheckFunctionExists.c.o  -o cmTC_0253c -rdynamic -lpthreads 
/usr/bin/ld: cannot find -lpthreads
collect2: error: ld returned 1 exit status
CMakeFiles/cmTC_0253c.dir/build.make:97: recipe for target 'cmTC_0253c' failed
make[1]: *** [cmTC_0253c] Error 1
make[1]: Leaving directory '/home/mpperret/catkin_ws/build/mavros/CMakeFiles/CMakeTmp'
Makefile:126: recipe for target 'cmTC_0253c/fast' failed
make: *** [cmTC_0253c/fast] Error 2


